[1m[92m    Finished[0m ]8;;https://doc.rust-lang.org/cargo/reference/profiles.html#default-profiles\`dev` profile [unoptimized + debuginfo]]8;;\ target(s) in 0.16s
[1m[92m     Running[0m `target/debug/wasicell-host run examples/app.toml`
[2m2026-05-04T03:53:17.772135Z[0m [32m INFO[0m [2mwasicell_host[0m[2m:[0m Running all services from manifest
[2m2026-05-04T03:53:17.772282Z[0m [32m INFO[0m [2mwasicell_host[0m[2m:[0m Starting service: file_worker
[2m2026-05-04T03:53:17.772305Z[0m [32m INFO[0m [2mwasicell_host[0m[2m:[0m Starting service: text_api
[2m2026-05-04T03:53:17.772321Z[0m [32m INFO[0m [2mwasicell_host::runtime[0m[2m:[0m Initializing Wasmer store for file_worker
[2m2026-05-04T03:53:17.772328Z[0m [32m INFO[0m [2mwasicell_host::runtime[0m[2m:[0m Initializing Wasmer store for text_api
[2m2026-05-04T03:53:17.772474Z[0m [32m INFO[0m [2mwasicell_host::runtime[0m[2m:[0m Loading module from: examples/../target/wasm32-wasip1/debug/file-worker.wasm
[2m2026-05-04T03:53:17.772475Z[0m [32m INFO[0m [2mwasicell_host::runtime[0m[2m:[0m Loading module from: examples/../target/wasm32-wasip1/debug/text-api.wasm
[2m2026-05-04T03:53:18.169148Z[0m [32m INFO[0m [2mwasicell_host::runtime[0m[2m:[0m Configuring WASIX environment for text_api
[2m2026-05-04T03:53:18.169556Z[0m [32m INFO[0m [2mwasicell_host::runtime[0m[2m:[0m Configuring network: listen on 127.0.0.1:8787
[2m2026-05-04T03:53:18.169577Z[0m [32m INFO[0m [2mwasicell_host::runtime[0m[2m:[0m Instantiating module for text_api
[2m2026-05-04T03:53:18.171996Z[0m [32m INFO[0m [2mwasicell_host::runtime[0m[2m:[0m Running text_api
Starting text-api guest server on 127.0.0.1:8787...

thread 'main' (1) panicked at guests/text-api/src/main.rs:9:52:
Failed to bind to address: Error { kind: Unsupported, message: "operation not supported on this platform" }
note: run with `RUST_BACKTRACE=1` environment variable to display a backtrace
[2m2026-05-04T03:53:18.172629Z[0m [31mERROR[0m [2mwasicell_host::runtime[0m[2m:[0m Service text_api crashed: RuntimeError { source: Sys(Wasm { pc: 139697302794292, backtrace:    0: <unknown>
   1: <unknown>
   2: <unknown>
   3: <unknown>
   4: <unknown>
   5: <unknown>
   6: <unknown>
   7: <unknown>
   8: <unknown>
   9: <unknown>
  10: <unknown>
  11: <unknown>
  12: <unknown>
  13: <unknown>
  14: <unknown>
  15: <unknown>
  16: <unknown>
  17: <unknown>
  18: <unknown>
  19: <unknown>
  20: <unknown>
  21: <unknown>
  22: <unknown>
  23: <unknown>
  24: <unknown>
  25: <unknown>
  26: <unknown>
, signal_trap: None }), wasm_trace: [FrameInfo { module_name: "text_api-51fbf23be012529c.wasm", func_index: 272, function_name: Some("abort"), func_start: SourceLoc(40230), instr: SourceLoc(40231) }, FrameInfo { module_name: "text_api-51fbf23be012529c.wasm", func_index: 188, function_name: Some("_RNvNtNtNtNtCset5xJoy1xWQ_3std3sys3pal4wasi7helpers14abort_internal"), func_start: SourceLoc(27875), instr: SourceLoc(27876) }, FrameInfo { module_name: "text_api-51fbf23be012529c.wasm", func_index: 161, function_name: Some("_RNvNtCset5xJoy1xWQ_3std7process5abort"), func_start: SourceLoc(23241), instr: SourceLoc(23242) }, FrameInfo { module_name: "text_api-51fbf23be012529c.wasm", func_index: 169, function_name: Some("_RNvCsfLfy6EI15iL_7___rustc12___rust_abort"), func_start: SourceLoc(24605), instr: SourceLoc(24606) }, FrameInfo { module_name: "text_api-51fbf23be012529c.wasm", func_index: 136, function_name: Some("_RNvCsfLfy6EI15iL_7___rustc18___rust_start_panic"), func_start: SourceLoc(18200), instr: SourceLoc(18201) }, FrameInfo { module_name: "text_api-51fbf23be012529c.wasm", func_index: 166, function_name: Some("_RNvCsfLfy6EI15iL_7___rustc10rust_panic"), func_start: SourceLoc(24139), instr: SourceLoc(24165) }, FrameInfo { module_name: "text_api-51fbf23be012529c.wasm", func_index: 155, function_name: Some("_RNvNtCset5xJoy1xWQ_3std9panicking15panic_with_hook"), func_start: SourceLoc(20818), instr: SourceLoc(21461) }, FrameInfo { module_name: "text_api-51fbf23be012529c.wasm", func_index: 153, function_name: Some("_RNCNvNtCset5xJoy1xWQ_3std9panicking13panic_handler0B5_"), func_start: SourceLoc(20384), instr: SourceLoc(20530) }, FrameInfo { module_name: "text_api-51fbf23be012529c.wasm", func_index: 152, function_name: Some("_RINvNtNtCset5xJoy1xWQ_3std3sys9backtrace26___rust_end_short_backtraceNCNvNtB6_9panicking13panic_handler0zEB6_"), func_start: SourceLoc(20371), instr: SourceLoc(20374) }, FrameInfo { module_name: "text_api-51fbf23be012529c.wasm", func_index: 172, function_name: Some("_RNvCsfLfy6EI15iL_7___rustc17rust_begin_unwind"), func_start: SourceLoc(24785), instr: SourceLoc(24833) }, FrameInfo { module_name: "text_api-51fbf23be012529c.wasm", func_index: 318, function_name: Some("_RNvNtCsdHhIpgkcIfN_4core9panicking9panic_fmt"), func_start: SourceLoc(57411), instr: SourceLoc(57474) }, FrameInfo { module_name: "text_api-51fbf23be012529c.wasm", func_index: 352, function_name: Some("_RNvNtCsdHhIpgkcIfN_4core6result13unwrap_failed"), func_start: SourceLoc(69508), instr: SourceLoc(69610) }, FrameInfo { module_name: "text_api-51fbf23be012529c.wasm", func_index: 21, function_name: Some("_ZN4core6result19Result$LT$T$C$E$GT$6expect17h5bfe10db0d3c9f17E"), func_start: SourceLoc(2141), instr: SourceLoc(2248) }, FrameInfo { module_name: "text_api-51fbf23be012529c.wasm", func_index: 40, function_name: Some("_ZN8text_api4main17hf3f14de8d7e86e3aE"), func_start: SourceLoc(5758), instr: SourceLoc(5957) }, FrameInfo { module_name: "text_api-51fbf23be012529c.wasm", func_index: 91, function_name: Some("_ZN4core3ops8function6FnOnce9call_once17h61e5dd05fb2a121bE"), func_start: SourceLoc(13838), instr: SourceLoc(13869) }, FrameInfo { module_name: "text_api-51fbf23be012529c.wasm", func_index: 51, function_name: Some("_ZN3std3sys9backtrace28__rust_begin_short_backtrace17h99f0f13ab95a3ecfE"), func_start: SourceLoc(8590), instr: SourceLoc(8621) }, FrameInfo { module_name: "text_api-51fbf23be012529c.wasm", func_index: 81, function_name: Some("_ZN3std2rt10lang_start28_$u7b$$u7b$closure$u7d$$u7d$17h6e9c28789583dacfE"), func_start: SourceLoc(12720), instr: SourceLoc(12754) }, FrameInfo { module_name: "text_api-51fbf23be012529c.wasm", func_index: 184, function_name: Some("_RNvNtCset5xJoy1xWQ_3std2rt19lang_start_internal"), func_start: SourceLoc(26820), instr: SourceLoc(26959) }, FrameInfo { module_name: "text_api-51fbf23be012529c.wasm", func_index: 80, function_name: Some("_ZN3std2rt10lang_start17h5daa8aa4e1a689efE"), func_start: SourceLoc(12622), instr: SourceLoc(12696) }, FrameInfo { module_name: "text_api-51fbf23be012529c.wasm", func_index: 41, function_name: Some("__main_void"), func_start: SourceLoc(7118), instr: SourceLoc(7141) }, FrameInfo { module_name: "text_api-51fbf23be012529c.wasm", func_index: 10, function_name: Some("_start"), func_start: SourceLoc(1152), instr: SourceLoc(1207) }] }
[2m2026-05-04T03:53:18.175173Z[0m [32m INFO[0m [2mwasicell_host::runtime[0m[2m:[0m Configuring WASIX environment for file_worker
[2m2026-05-04T03:53:18.175473Z[0m [32m INFO[0m [2mwasicell_host::runtime[0m[2m:[0m Mounting /tmp to /data
[2m2026-05-04T03:53:18.175494Z[0m [32m INFO[0m [2mwasicell_host::runtime[0m[2m:[0m Instantiating module for file_worker
[2m2026-05-04T03:53:18.177090Z[0m [32m INFO[0m [2mwasicell_host::runtime[0m[2m:[0m Running file_worker
Starting file-worker...
RUST_LOG is set to: info
Failed to read from /data/input.txt: No such file or directory (os error 44)
file-worker completed.
[2m2026-05-04T03:53:18.177685Z[0m [32m INFO[0m [2mwasicell_host::runtime[0m[2m:[0m Service file_worker exited successfully.
[2m2026-05-04T03:53:18.173403Z[0m [31mERROR[0m [2mwasicell_host[0m[2m:[0m Service text_api failed: RuntimeError: unreachable
    at abort (text_api-51fbf23be012529c.wasm[272]:0x9d27)
    at std[a88812da5ee6ad9e]::sys::pal::wasi::helpers::abort_internal (text_api-51fbf23be012529c.wasm[188]:0x6ce4)
    at std[a88812da5ee6ad9e]::process::abort (text_api-51fbf23be012529c.wasm[161]:0x5aca)
    at __rustc[b7974e8690430dd9]::__rust_abort (text_api-51fbf23be012529c.wasm[169]:0x601e)
    at __rustc[b7974e8690430dd9]::__rust_start_panic (text_api-51fbf23be012529c.wasm[136]:0x4719)
    at __rustc[b7974e8690430dd9]::rust_panic (text_api-51fbf23be012529c.wasm[166]:0x5e65)
    at std[a88812da5ee6ad9e]::panicking::panic_with_hook (text_api-51fbf23be012529c.wasm[155]:0x53d5)
    at std[a88812da5ee6ad9e]::panicking::panic_handler::{closure#0} (text_api-51fbf23be012529c.wasm[153]:0x5032)
    at std[a88812da5ee6ad9e]::sys::backtrace::__rust_end_short_backtrace::<std[a88812da5ee6ad9e]::panicking::panic_handler::{closure#0}, !> (text_api-51fbf23be012529c.wasm[152]:0x4f96)
    at __rustc[b7974e8690430dd9]::rust_begin_unwind (text_api-51fbf23be012529c.wasm[172]:0x6101)
    at core[9f8d08631ff90aa5]::panicking::panic_fmt (text_api-51fbf23be012529c.wasm[318]:0xe082)
    at core[9f8d08631ff90aa5]::result::unwrap_failed (text_api-51fbf23be012529c.wasm[352]:0x10fea)
    at core::result::Result<T,E>::expect::h5bfe10db0d3c9f17 (text_api-51fbf23be012529c.wasm[21]:0x8c8)
    at text_api::main::hf3f14de8d7e86e3a (text_api-51fbf23be012529c.wasm[40]:0x1745)
    at core::ops::function::FnOnce::call_once::h61e5dd05fb2a121b (text_api-51fbf23be012529c.wasm[91]:0x362d)
    at std::sys::backtrace::__rust_begin_short_backtrace::h99f0f13ab95a3ecf (text_api-51fbf23be012529c.wasm[51]:0x21ad)
    at std::rt::lang_start::{{closure}}::h6e9c28789583dacf (text_api-51fbf23be012529c.wasm[81]:0x31d2)
    at std[a88812da5ee6ad9e]::rt::lang_start_internal (text_api-51fbf23be012529c.wasm[184]:0x694f)
    at std::rt::lang_start::h5daa8aa4e1a689ef (text_api-51fbf23be012529c.wasm[80]:0x3198)
    at __main_void (text_api-51fbf23be012529c.wasm[41]:0x1be5)
    at _start (text_api-51fbf23be012529c.wasm[10]:0x4b7)

Stack backtrace:
   0: anyhow::error::<impl core::convert::From<E> for anyhow::Error>::from
             at /home/admin/.cargo/registry/src/index.crates.io-1949cf8c6b5b557f/anyhow-1.0.102/src/backtrace.rs:10:14
   1: <T as core::convert::Into<U>>::into
             at /home/admin/.rustup/toolchains/stable-x86_64-unknown-linux-gnu/lib/rustlib/src/rust/library/core/src/convert/mod.rs:778:9
   2: wasicell_host::runtime::run_service
             at ./crates/wasicell-host/src/runtime.rs:86:30
   3: wasicell_host::main::{{closure}}::{{closure}}
             at ./crates/wasicell-host/src/main.rs:54:41
   4: <tokio::runtime::blocking::task::BlockingTask<T> as core::future::future::Future>::poll
             at /home/admin/.cargo/registry/src/index.crates.io-1949cf8c6b5b557f/tokio-1.52.1/src/runtime/blocking/task.rs:42:21
   5: tokio::runtime::task::core::Core<T,S>::poll::{{closure}}
             at /home/admin/.cargo/registry/src/index.crates.io-1949cf8c6b5b557f/tokio-1.52.1/src/runtime/task/core.rs:375:24
   6: tokio::loom::std::unsafe_cell::UnsafeCell<T>::with_mut
             at /home/admin/.cargo/registry/src/index.crates.io-1949cf8c6b5b557f/tokio-1.52.1/src/loom/std/unsafe_cell.rs:16:9
   7: tokio::runtime::task::core::Core<T,S>::poll
             at /home/admin/.cargo/registry/src/index.crates.io-1949cf8c6b5b557f/tokio-1.52.1/src/runtime/task/core.rs:364:30
   8: tokio::runtime::task::harness::poll_future::{{closure}}
             at /home/admin/.cargo/registry/src/index.crates.io-1949cf8c6b5b557f/tokio-1.52.1/src/runtime/task/harness.rs:535:30
   9: <core::panic::unwind_safe::AssertUnwindSafe<F> as core::ops::function::FnOnce<()>>::call_once
             at /home/admin/.rustup/toolchains/stable-x86_64-unknown-linux-gnu/lib/rustlib/src/rust/library/core/src/panic/unwind_safe.rs:274:9
  10: std::panicking::catch_unwind::do_call
             at /home/admin/.rustup/toolchains/stable-x86_64-unknown-linux-gnu/lib/rustlib/src/rust/library/std/src/panicking.rs:581:40
  11: __rust_try
  12: std::panicking::catch_unwind
             at /home/admin/.rustup/toolchains/stable-x86_64-unknown-linux-gnu/lib/rustlib/src/rust/library/std/src/panicking.rs:544:19
  13: std::panic::catch_unwind
             at /home/admin/.rustup/toolchains/stable-x86_64-unknown-linux-gnu/lib/rustlib/src/rust/library/std/src/panic.rs:359:14
  14: tokio::runtime::task::harness::poll_future
             at /home/admin/.cargo/registry/src/index.crates.io-1949cf8c6b5b557f/tokio-1.52.1/src/runtime/task/harness.rs:523:18
  15: tokio::runtime::task::harness::Harness<T,S>::poll_inner
             at /home/admin/.cargo/registry/src/index.crates.io-1949cf8c6b5b557f/tokio-1.52.1/src/runtime/task/harness.rs:210:27
  16: tokio::runtime::task::harness::Harness<T,S>::poll
             at /home/admin/.cargo/registry/src/index.crates.io-1949cf8c6b5b557f/tokio-1.52.1/src/runtime/task/harness.rs:155:20
  17: tokio::runtime::task::raw::poll
             at /home/admin/.cargo/registry/src/index.crates.io-1949cf8c6b5b557f/tokio-1.52.1/src/runtime/task/raw.rs:337:13
  18: tokio::runtime::task::raw::RawTask::poll
             at /home/admin/.cargo/registry/src/index.crates.io-1949cf8c6b5b557f/tokio-1.52.1/src/runtime/task/raw.rs:267:18
  19: tokio::runtime::task::UnownedTask<S>::run
             at /home/admin/.cargo/registry/src/index.crates.io-1949cf8c6b5b557f/tokio-1.52.1/src/runtime/task/mod.rs:552:13
  20: tokio::runtime::blocking::pool::Task::run
             at /home/admin/.cargo/registry/src/index.crates.io-1949cf8c6b5b557f/tokio-1.52.1/src/runtime/blocking/pool.rs:161:19
  21: tokio::runtime::blocking::pool::Inner::run
             at /home/admin/.cargo/registry/src/index.crates.io-1949cf8c6b5b557f/tokio-1.52.1/src/runtime/blocking/pool.rs:518:22
  22: tokio::runtime::blocking::pool::Spawner::spawn_thread::{{closure}}
             at /home/admin/.cargo/registry/src/index.crates.io-1949cf8c6b5b557f/tokio-1.52.1/src/runtime/blocking/pool.rs:474:47
  23: std::sys::backtrace::__rust_begin_short_backtrace
             at /home/admin/.rustup/toolchains/stable-x86_64-unknown-linux-gnu/lib/rustlib/src/rust/library/std/src/sys/backtrace.rs:166:18
  24: std::thread::lifecycle::spawn_unchecked::{{closure}}::{{closure}}
             at /home/admin/.rustup/toolchains/stable-x86_64-unknown-linux-gnu/lib/rustlib/src/rust/library/std/src/thread/lifecycle.rs:91:13
  25: <core::panic::unwind_safe::AssertUnwindSafe<F> as core::ops::function::FnOnce<()>>::call_once
             at /home/admin/.rustup/toolchains/stable-x86_64-unknown-linux-gnu/lib/rustlib/src/rust/library/core/src/panic/unwind_safe.rs:274:9
  26: std::panicking::catch_unwind::do_call
             at /home/admin/.rustup/toolchains/stable-x86_64-unknown-linux-gnu/lib/rustlib/src/rust/library/std/src/panicking.rs:581:40
  27: __rust_try
  28: std::panicking::catch_unwind
             at /home/admin/.rustup/toolchains/stable-x86_64-unknown-linux-gnu/lib/rustlib/src/rust/library/std/src/panicking.rs:544:19
  29: std::panic::catch_unwind
             at /home/admin/.rustup/toolchains/stable-x86_64-unknown-linux-gnu/lib/rustlib/src/rust/library/std/src/panic.rs:359:14
  30: std::thread::lifecycle::spawn_unchecked::{{closure}}
             at /home/admin/.rustup/toolchains/stable-x86_64-unknown-linux-gnu/lib/rustlib/src/rust/library/std/src/thread/lifecycle.rs:89:26
  31: core::ops::function::FnOnce::call_once{{vtable.shim}}
             at /home/admin/.rustup/toolchains/stable-x86_64-unknown-linux-gnu/lib/rustlib/src/rust/library/core/src/ops/function.rs:250:5
  32: <alloc::boxed::Box<dyn core::ops::function::FnOnce<(), Output = ()> + core::marker::Send> as core::ops::function::FnOnce<()>>::call_once
             at /rustc/59807616e1fa2540724bfbac14d7976d7e4a3860/library/alloc/src/boxed.rs:2240:9
  33: <std::sys::thread::unix::Thread>::new::thread_start
             at /rustc/59807616e1fa2540724bfbac14d7976d7e4a3860/library/std/src/sys/thread/unix.rs:118:17
  34: <unknown>
  35: <unknown>
[2m2026-05-04T03:53:18.326463Z[0m [31mERROR[0m [2mwasicell_host[0m[2m:[0m Service task failed: RuntimeError: unreachable
    at abort (text_api-51fbf23be012529c.wasm[272]:0x9d27)
    at std[a88812da5ee6ad9e]::sys::pal::wasi::helpers::abort_internal (text_api-51fbf23be012529c.wasm[188]:0x6ce4)
    at std[a88812da5ee6ad9e]::process::abort (text_api-51fbf23be012529c.wasm[161]:0x5aca)
    at __rustc[b7974e8690430dd9]::__rust_abort (text_api-51fbf23be012529c.wasm[169]:0x601e)
    at __rustc[b7974e8690430dd9]::__rust_start_panic (text_api-51fbf23be012529c.wasm[136]:0x4719)
    at __rustc[b7974e8690430dd9]::rust_panic (text_api-51fbf23be012529c.wasm[166]:0x5e65)
    at std[a88812da5ee6ad9e]::panicking::panic_with_hook (text_api-51fbf23be012529c.wasm[155]:0x53d5)
    at std[a88812da5ee6ad9e]::panicking::panic_handler::{closure#0} (text_api-51fbf23be012529c.wasm[153]:0x5032)
    at std[a88812da5ee6ad9e]::sys::backtrace::__rust_end_short_backtrace::<std[a88812da5ee6ad9e]::panicking::panic_handler::{closure#0}, !> (text_api-51fbf23be012529c.wasm[152]:0x4f96)
    at __rustc[b7974e8690430dd9]::rust_begin_unwind (text_api-51fbf23be012529c.wasm[172]:0x6101)
    at core[9f8d08631ff90aa5]::panicking::panic_fmt (text_api-51fbf23be012529c.wasm[318]:0xe082)
    at core[9f8d08631ff90aa5]::result::unwrap_failed (text_api-51fbf23be012529c.wasm[352]:0x10fea)
    at core::result::Result<T,E>::expect::h5bfe10db0d3c9f17 (text_api-51fbf23be012529c.wasm[21]:0x8c8)
    at text_api::main::hf3f14de8d7e86e3a (text_api-51fbf23be012529c.wasm[40]:0x1745)
    at core::ops::function::FnOnce::call_once::h61e5dd05fb2a121b (text_api-51fbf23be012529c.wasm[91]:0x362d)
    at std::sys::backtrace::__rust_begin_short_backtrace::h99f0f13ab95a3ecf (text_api-51fbf23be012529c.wasm[51]:0x21ad)
    at std::rt::lang_start::{{closure}}::h6e9c28789583dacf (text_api-51fbf23be012529c.wasm[81]:0x31d2)
    at std[a88812da5ee6ad9e]::rt::lang_start_internal (text_api-51fbf23be012529c.wasm[184]:0x694f)
    at std::rt::lang_start::h5daa8aa4e1a689ef (text_api-51fbf23be012529c.wasm[80]:0x3198)
    at __main_void (text_api-51fbf23be012529c.wasm[41]:0x1be5)
    at _start (text_api-51fbf23be012529c.wasm[10]:0x4b7)

Stack backtrace:
   0: anyhow::error::<impl core::convert::From<E> for anyhow::Error>::from
             at /home/admin/.cargo/registry/src/index.crates.io-1949cf8c6b5b557f/anyhow-1.0.102/src/backtrace.rs:10:14
   1: <T as core::convert::Into<U>>::into
             at /home/admin/.rustup/toolchains/stable-x86_64-unknown-linux-gnu/lib/rustlib/src/rust/library/core/src/convert/mod.rs:778:9
   2: wasicell_host::runtime::run_service
             at ./crates/wasicell-host/src/runtime.rs:86:30
   3: wasicell_host::main::{{closure}}::{{closure}}
             at ./crates/wasicell-host/src/main.rs:54:41
   4: <tokio::runtime::blocking::task::BlockingTask<T> as core::future::future::Future>::poll
             at /home/admin/.cargo/registry/src/index.crates.io-1949cf8c6b5b557f/tokio-1.52.1/src/runtime/blocking/task.rs:42:21
   5: tokio::runtime::task::core::Core<T,S>::poll::{{closure}}
             at /home/admin/.cargo/registry/src/index.crates.io-1949cf8c6b5b557f/tokio-1.52.1/src/runtime/task/core.rs:375:24
   6: tokio::loom::std::unsafe_cell::UnsafeCell<T>::with_mut
             at /home/admin/.cargo/registry/src/index.crates.io-1949cf8c6b5b557f/tokio-1.52.1/src/loom/std/unsafe_cell.rs:16:9
   7: tokio::runtime::task::core::Core<T,S>::poll
             at /home/admin/.cargo/registry/src/index.crates.io-1949cf8c6b5b557f/tokio-1.52.1/src/runtime/task/core.rs:364:30
   8: tokio::runtime::task::harness::poll_future::{{closure}}
             at /home/admin/.cargo/registry/src/index.crates.io-1949cf8c6b5b557f/tokio-1.52.1/src/runtime/task/harness.rs:535:30
   9: <core::panic::unwind_safe::AssertUnwindSafe<F> as core::ops::function::FnOnce<()>>::call_once
             at /home/admin/.rustup/toolchains/stable-x86_64-unknown-linux-gnu/lib/rustlib/src/rust/library/core/src/panic/unwind_safe.rs:274:9
  10: std::panicking::catch_unwind::do_call
             at /home/admin/.rustup/toolchains/stable-x86_64-unknown-linux-gnu/lib/rustlib/src/rust/library/std/src/panicking.rs:581:40
  11: __rust_try
  12: std::panicking::catch_unwind
             at /home/admin/.rustup/toolchains/stable-x86_64-unknown-linux-gnu/lib/rustlib/src/rust/library/std/src/panicking.rs:544:19
  13: std::panic::catch_unwind
             at /home/admin/.rustup/toolchains/stable-x86_64-unknown-linux-gnu/lib/rustlib/src/rust/library/std/src/panic.rs:359:14
  14: tokio::runtime::task::harness::poll_future
             at /home/admin/.cargo/registry/src/index.crates.io-1949cf8c6b5b557f/tokio-1.52.1/src/runtime/task/harness.rs:523:18
  15: tokio::runtime::task::harness::Harness<T,S>::poll_inner
             at /home/admin/.cargo/registry/src/index.crates.io-1949cf8c6b5b557f/tokio-1.52.1/src/runtime/task/harness.rs:210:27
  16: tokio::runtime::task::harness::Harness<T,S>::poll
             at /home/admin/.cargo/registry/src/index.crates.io-1949cf8c6b5b557f/tokio-1.52.1/src/runtime/task/harness.rs:155:20
  17: tokio::runtime::task::raw::poll
             at /home/admin/.cargo/registry/src/index.crates.io-1949cf8c6b5b557f/tokio-1.52.1/src/runtime/task/raw.rs:337:13
  18: tokio::runtime::task::raw::RawTask::poll
             at /home/admin/.cargo/registry/src/index.crates.io-1949cf8c6b5b557f/tokio-1.52.1/src/runtime/task/raw.rs:267:18
  19: tokio::runtime::task::UnownedTask<S>::run
             at /home/admin/.cargo/registry/src/index.crates.io-1949cf8c6b5b557f/tokio-1.52.1/src/runtime/task/mod.rs:552:13
  20: tokio::runtime::blocking::pool::Task::run
             at /home/admin/.cargo/registry/src/index.crates.io-1949cf8c6b5b557f/tokio-1.52.1/src/runtime/blocking/pool.rs:161:19
  21: tokio::runtime::blocking::pool::Inner::run
             at /home/admin/.cargo/registry/src/index.crates.io-1949cf8c6b5b557f/tokio-1.52.1/src/runtime/blocking/pool.rs:518:22
  22: tokio::runtime::blocking::pool::Spawner::spawn_thread::{{closure}}
             at /home/admin/.cargo/registry/src/index.crates.io-1949cf8c6b5b557f/tokio-1.52.1/src/runtime/blocking/pool.rs:474:47
  23: std::sys::backtrace::__rust_begin_short_backtrace
             at /home/admin/.rustup/toolchains/stable-x86_64-unknown-linux-gnu/lib/rustlib/src/rust/library/std/src/sys/backtrace.rs:166:18
  24: std::thread::lifecycle::spawn_unchecked::{{closure}}::{{closure}}
             at /home/admin/.rustup/toolchains/stable-x86_64-unknown-linux-gnu/lib/rustlib/src/rust/library/std/src/thread/lifecycle.rs:91:13
  25: <core::panic::unwind_safe::AssertUnwindSafe<F> as core::ops::function::FnOnce<()>>::call_once
             at /home/admin/.rustup/toolchains/stable-x86_64-unknown-linux-gnu/lib/rustlib/src/rust/library/core/src/panic/unwind_safe.rs:274:9
  26: std::panicking::catch_unwind::do_call
             at /home/admin/.rustup/toolchains/stable-x86_64-unknown-linux-gnu/lib/rustlib/src/rust/library/std/src/panicking.rs:581:40
  27: __rust_try
  28: std::panicking::catch_unwind
             at /home/admin/.rustup/toolchains/stable-x86_64-unknown-linux-gnu/lib/rustlib/src/rust/library/std/src/panicking.rs:544:19
  29: std::panic::catch_unwind
             at /home/admin/.rustup/toolchains/stable-x86_64-unknown-linux-gnu/lib/rustlib/src/rust/library/std/src/panic.rs:359:14
  30: std::thread::lifecycle::spawn_unchecked::{{closure}}
             at /home/admin/.rustup/toolchains/stable-x86_64-unknown-linux-gnu/lib/rustlib/src/rust/library/std/src/thread/lifecycle.rs:89:26
  31: core::ops::function::FnOnce::call_once{{vtable.shim}}
             at /home/admin/.rustup/toolchains/stable-x86_64-unknown-linux-gnu/lib/rustlib/src/rust/library/core/src/ops/function.rs:250:5
  32: <alloc::boxed::Box<dyn core::ops::function::FnOnce<(), Output = ()> + core::marker::Send> as core::ops::function::FnOnce<()>>::call_once
             at /rustc/59807616e1fa2540724bfbac14d7976d7e4a3860/library/alloc/src/boxed.rs:2240:9
  33: <std::sys::thread::unix::Thread>::new::thread_start
             at /rustc/59807616e1fa2540724bfbac14d7976d7e4a3860/library/std/src/sys/thread/unix.rs:118:17
  34: <unknown>
  35: <unknown>
